<?xml version="1.0" encoding="UTF-8"?>
<!-- Generated by org.testng.reporters.JUnitXMLReporter -->
<testsuite ignored="0" hostname="RC0898Nitro" failures="1" tests="2" name="Error Validations Test" time="44.602" errors="0" timestamp="2026-01-02T17:56:52 IST">
  <testcase classname="org.rishabhchoure.AppiumFramework.eCommerce_TC1" name="FillFormErrorValidation" time="7.645">
    <failure type="java.lang.AssertionError" message="expected [Please enter your ame] but found [Please enter your name]">
      <![CDATA[java.lang.AssertionError: expected [Please enter your ame] but found [Please enter your name]
at org.rishabhchoure.AppiumFramework.eCommerce_TC1.FillFormErrorValidation(eCommerce_TC1.java:33)
at java.base/java.util.ArrayList.forEach(ArrayList.java:1511)
... Removed 33 stack frames]]>
    </failure>
  </testcase> <!-- FillFormErrorValidation -->
  <testcase classname="org.rishabhchoure.AppiumFramework.eCommerce_TC1" name="FillFormPositiveFlow" time="15.201"/>
</testsuite> <!-- Error Validations Test -->
