<?xml version="1.0" encoding="UTF-8"?>
<testng-results ignored="0" total="3" passed="2" failed="1" skipped="0">
  <reporter-output>
  </reporter-output>
  <suite started-at="2026-01-02T17:54:56 IST" name="Suite" finished-at="2026-01-02T17:56:52 IST" duration-ms="115802">
    <groups>
    </groups>
    <test started-at="2026-01-02T17:54:56 IST" name="End To End Framework Test" finished-at="2026-01-02T17:56:07 IST" duration-ms="70767">
      <class name="org.rishabhchoure.AppiumFramework.eCommerce_TC4_Hybrid">
        <test-method is-config="true" signature="configureAppium()[pri:0, instance:org.rishabhchoure.AppiumFramework.eCommerce_TC4_Hybrid@45fd9a4d]" started-at="2026-01-02T17:54:56 IST" name="configureAppium" finished-at="2026-01-02T17:55:18 IST" duration-ms="21358" status="PASS">
          <reporter-output>
          </reporter-output>
        </test-method> <!-- configureAppium -->
        <test-method signature="NativetoHybrid(java.lang.String,java.lang.String,java.lang.String)[pri:0, instance:org.rishabhchoure.AppiumFramework.eCommerce_TC4_Hybrid@45fd9a4d]" started-at="2026-01-02T17:55:18 IST" name="NativetoHybrid" data-provider="getData" finished-at="2026-01-02T17:56:06 IST" duration-ms="47949" status="PASS">
          <params>
            <param index="0">
              <value>
                <![CDATA[Wamiqa Gabbi]]>
              </value>
            </param>
            <param index="1">
              <value>
                <![CDATA[female]]>
              </value>
            </param>
            <param index="2">
              <value>
                <![CDATA[Argentina]]>
              </value>
            </param>
          </params>
          <reporter-output>
          </reporter-output>
        </test-method> <!-- NativetoHybrid -->
        <test-method is-config="true" signature="TearDown()[pri:0, instance:org.rishabhchoure.AppiumFramework.eCommerce_TC4_Hybrid@45fd9a4d]" started-at="2026-01-02T17:56:06 IST" name="TearDown" finished-at="2026-01-02T17:56:07 IST" duration-ms="1412" status="PASS">
          <reporter-output>
          </reporter-output>
        </test-method> <!-- TearDown -->
      </class> <!-- org.rishabhchoure.AppiumFramework.eCommerce_TC4_Hybrid -->
    </test> <!-- End To End Framework Test -->
    <test started-at="2026-01-02T17:56:07 IST" name="Error Validations Test" finished-at="2026-01-02T17:56:52 IST" duration-ms="44602">
      <class name="org.rishabhchoure.AppiumFramework.eCommerce_TC1">
        <test-method is-config="true" signature="configureAppium()[pri:0, instance:org.rishabhchoure.AppiumFramework.eCommerce_TC1@53bd8fca]" started-at="2026-01-02T17:56:07 IST" name="configureAppium" finished-at="2026-01-02T17:56:27 IST" duration-ms="19765" status="PASS">
          <reporter-output>
          </reporter-output>
        </test-method> <!-- configureAppium -->
        <test-method signature="FillFormErrorValidation()[pri:0, instance:org.rishabhchoure.AppiumFramework.eCommerce_TC1@53bd8fca]" started-at="2026-01-02T17:56:27 IST" name="FillFormErrorValidation" finished-at="2026-01-02T17:56:35 IST" duration-ms="7645" status="FAIL">
          <exception class="java.lang.AssertionError">
            <message>
              <![CDATA[expected [Please enter your ame] but found [Please enter your name]]]>
            </message>
            <full-stacktrace>
              <![CDATA[java.lang.AssertionError: expected [Please enter your ame] but found [Please enter your name]
at org.testng.Assert.fail(Assert.java:111)
at org.testng.Assert.failNotEquals(Assert.java:1590)
at org.testng.Assert.assertEqualsImpl(Assert.java:150)
at org.testng.Assert.assertEquals(Assert.java:132)
at org.testng.Assert.assertEquals(Assert.java:656)
at org.testng.Assert.assertEquals(Assert.java:666)
at org.rishabhchoure.AppiumFramework.eCommerce_TC1.FillFormErrorValidation(eCommerce_TC1.java:33)
at java.base/jdk.internal.reflect.NativeMethodAccessorImpl.invoke0(Native Method)
at java.base/jdk.internal.reflect.NativeMethodAccessorImpl.invoke(NativeMethodAccessorImpl.java:77)
at java.base/jdk.internal.reflect.DelegatingMethodAccessorImpl.invoke(DelegatingMethodAccessorImpl.java:43)
at java.base/java.lang.reflect.Method.invoke(Method.java:568)
at org.testng.internal.invokers.MethodInvocationHelper.invokeMethod(MethodInvocationHelper.java:141)
at org.testng.internal.invokers.TestInvoker.invokeMethod(TestInvoker.java:687)
at org.testng.internal.invokers.TestInvoker.invokeTestMethod(TestInvoker.java:230)
at org.testng.internal.invokers.MethodRunner.runInSequence(MethodRunner.java:63)
at org.testng.internal.invokers.TestInvoker$MethodInvocationAgent.invoke(TestInvoker.java:995)
at org.testng.internal.invokers.TestInvoker.invokeTestMethods(TestInvoker.java:203)
at org.testng.internal.invokers.TestMethodWorker.invokeTestMethods(TestMethodWorker.java:154)
at org.testng.internal.invokers.TestMethodWorker.run(TestMethodWorker.java:134)
at java.base/java.util.ArrayList.forEach(ArrayList.java:1511)
at org.testng.TestRunner.privateRun(TestRunner.java:741)
at org.testng.TestRunner.run(TestRunner.java:616)
at org.testng.SuiteRunner.runTest(SuiteRunner.java:421)
at org.testng.SuiteRunner.runSequentially(SuiteRunner.java:413)
at org.testng.SuiteRunner.privateRun(SuiteRunner.java:373)
at org.testng.SuiteRunner.run(SuiteRunner.java:312)
at org.testng.SuiteRunnerWorker.runSuite(SuiteRunnerWorker.java:52)
at org.testng.SuiteRunnerWorker.run(SuiteRunnerWorker.java:95)
at org.testng.TestNG.runSuitesSequentially(TestNG.java:1274)
at org.testng.TestNG.runSuitesLocally(TestNG.java:1208)
at org.testng.TestNG.runSuites(TestNG.java:1112)
at org.testng.TestNG.run(TestNG.java:1079)
at org.testng.remote.AbstractRemoteTestNG.run(AbstractRemoteTestNG.java:115)
at org.testng.remote.RemoteTestNG.initAndRun(RemoteTestNG.java:293)
at org.testng.remote.RemoteTestNG.main(RemoteTestNG.java:91)
]]>
            </full-stacktrace>
          </exception> <!-- java.lang.AssertionError -->
          <reporter-output>
          </reporter-output>
        </test-method> <!-- FillFormErrorValidation -->
        <test-method signature="FillFormPositiveFlow()[pri:0, instance:org.rishabhchoure.AppiumFramework.eCommerce_TC1@53bd8fca]" started-at="2026-01-02T17:56:36 IST" name="FillFormPositiveFlow" finished-at="2026-01-02T17:56:51 IST" duration-ms="15201" status="PASS">
          <reporter-output>
          </reporter-output>
        </test-method> <!-- FillFormPositiveFlow -->
        <test-method is-config="true" signature="TearDown()[pri:0, instance:org.rishabhchoure.AppiumFramework.eCommerce_TC1@53bd8fca]" started-at="2026-01-02T17:56:51 IST" name="TearDown" finished-at="2026-01-02T17:56:52 IST" duration-ms="963" status="PASS">
          <reporter-output>
          </reporter-output>
        </test-method> <!-- TearDown -->
      </class> <!-- org.rishabhchoure.AppiumFramework.eCommerce_TC1 -->
    </test> <!-- Error Validations Test -->
  </suite> <!-- Suite -->
</testng-results>
